mode: set
github.com/cpurta/go-raiden-client/channels/client.go:18.72,24.2 1 0
github.com/cpurta/go-raiden-client/channels/closer.go:28.71,35.2 1 1
github.com/cpurta/go-raiden-client/channels/closer.go:42.120,56.86 2 1
github.com/cpurta/go-raiden-client/channels/closer.go:60.2,60.70 1 1
github.com/cpurta/go-raiden-client/channels/closer.go:64.2,64.118 1 1
github.com/cpurta/go-raiden-client/channels/closer.go:68.2,70.74 2 1
github.com/cpurta/go-raiden-client/channels/closer.go:74.2,76.71 2 1
github.com/cpurta/go-raiden-client/channels/closer.go:80.2,90.8 1 1
github.com/cpurta/go-raiden-client/channels/closer.go:56.86,58.3 1 0
github.com/cpurta/go-raiden-client/channels/closer.go:60.70,62.3 1 0
github.com/cpurta/go-raiden-client/channels/closer.go:64.118,66.3 1 0
github.com/cpurta/go-raiden-client/channels/closer.go:70.74,72.3 1 1
github.com/cpurta/go-raiden-client/channels/closer.go:76.71,78.3 1 1
github.com/cpurta/go-raiden-client/channels/closer.go:93.107,100.55 2 1
github.com/cpurta/go-raiden-client/channels/closer.go:104.2,104.24 1 1
github.com/cpurta/go-raiden-client/channels/closer.go:100.55,102.3 1 0
github.com/cpurta/go-raiden-client/channels/increase_deposit.go:28.93,35.2 1 1
github.com/cpurta/go-raiden-client/channels/increase_deposit.go:42.159,56.89 2 1
github.com/cpurta/go-raiden-client/channels/increase_deposit.go:60.2,60.73 1 1
github.com/cpurta/go-raiden-client/channels/increase_deposit.go:64.2,64.118 1 1
github.com/cpurta/go-raiden-client/channels/increase_deposit.go:68.2,70.77 2 1
github.com/cpurta/go-raiden-client/channels/increase_deposit.go:74.2,76.71 2 1
github.com/cpurta/go-raiden-client/channels/increase_deposit.go:80.2,90.8 1 1
github.com/cpurta/go-raiden-client/channels/increase_deposit.go:56.89,58.3 1 0
github.com/cpurta/go-raiden-client/channels/increase_deposit.go:60.73,62.3 1 0
github.com/cpurta/go-raiden-client/channels/increase_deposit.go:64.118,66.3 1 0
github.com/cpurta/go-raiden-client/channels/increase_deposit.go:70.77,72.3 1 1
github.com/cpurta/go-raiden-client/channels/increase_deposit.go:76.71,78.3 1 1
github.com/cpurta/go-raiden-client/channels/increase_deposit.go:93.121,100.55 2 1
github.com/cpurta/go-raiden-client/channels/increase_deposit.go:104.2,104.24 1 1
github.com/cpurta/go-raiden-client/channels/increase_deposit.go:100.55,102.3 1 0
github.com/cpurta/go-raiden-client/channels/opener.go:31.71,38.2 1 1
github.com/cpurta/go-raiden-client/channels/opener.go:45.149,62.58 2 1
github.com/cpurta/go-raiden-client/channels/opener.go:66.2,66.69 1 1
github.com/cpurta/go-raiden-client/channels/opener.go:70.2,70.116 1 1
github.com/cpurta/go-raiden-client/channels/opener.go:74.2,76.74 2 1
github.com/cpurta/go-raiden-client/channels/opener.go:80.2,82.71 2 1
github.com/cpurta/go-raiden-client/channels/opener.go:86.2,96.8 1 1
github.com/cpurta/go-raiden-client/channels/opener.go:62.58,64.3 1 0
github.com/cpurta/go-raiden-client/channels/opener.go:66.69,68.3 1 0
github.com/cpurta/go-raiden-client/channels/opener.go:70.116,72.3 1 0
github.com/cpurta/go-raiden-client/channels/opener.go:76.74,78.3 1 1
github.com/cpurta/go-raiden-client/channels/opener.go:82.71,84.3 1 1
github.com/cpurta/go-raiden-client/channels/opener.go:99.64,106.55 2 1
github.com/cpurta/go-raiden-client/channels/opener.go:110.2,110.24 1 1
github.com/cpurta/go-raiden-client/channels/opener.go:106.55,108.3 1 0
github.com/cpurta/go-raiden-client/client.go:20.72,29.2 1 0
github.com/cpurta/go-raiden-client/client.go:44.49,46.2 1 0
github.com/cpurta/go-raiden-client/client.go:50.47,52.2 1 0
github.com/cpurta/go-raiden-client/client.go:56.51,58.2 1 0
github.com/cpurta/go-raiden-client/client.go:62.51,64.2 1 0
github.com/cpurta/go-raiden-client/client.go:68.57,70.2 1 0
github.com/cpurta/go-raiden-client/client.go:74.67,76.2 1 0
github.com/cpurta/go-raiden-client/pending_transfers/client.go:14.72,18.2 1 0
github.com/cpurta/go-raiden-client/pending_transfers/lister.go:29.71,36.2 1 1
github.com/cpurta/go-raiden-client/pending_transfers/lister.go:43.80,49.54 2 1
github.com/cpurta/go-raiden-client/pending_transfers/lister.go:53.2,53.45 1 1
github.com/cpurta/go-raiden-client/pending_transfers/lister.go:49.54,51.3 1 0
github.com/cpurta/go-raiden-client/pending_transfers/lister.go:56.111,62.68 2 1
github.com/cpurta/go-raiden-client/pending_transfers/lister.go:66.2,66.45 1 1
github.com/cpurta/go-raiden-client/pending_transfers/lister.go:62.68,64.3 1 0
github.com/cpurta/go-raiden-client/pending_transfers/lister.go:69.144,75.86 2 1
github.com/cpurta/go-raiden-client/pending_transfers/lister.go:79.2,79.45 1 1
github.com/cpurta/go-raiden-client/pending_transfers/lister.go:75.86,77.3 1 0
github.com/cpurta/go-raiden-client/pending_transfers/lister.go:82.106,91.74 2 1
github.com/cpurta/go-raiden-client/pending_transfers/lister.go:95.2,97.74 2 1
github.com/cpurta/go-raiden-client/pending_transfers/lister.go:101.2,103.73 2 1
github.com/cpurta/go-raiden-client/pending_transfers/lister.go:107.2,107.23 1 1
github.com/cpurta/go-raiden-client/pending_transfers/lister.go:91.74,93.3 1 0
github.com/cpurta/go-raiden-client/pending_transfers/lister.go:97.74,99.3 1 1
github.com/cpurta/go-raiden-client/pending_transfers/lister.go:103.73,105.3 1 1
github.com/cpurta/go-raiden-client/pending_transfers/lister.go:110.67,117.55 2 1
github.com/cpurta/go-raiden-client/pending_transfers/lister.go:121.2,121.24 1 1
github.com/cpurta/go-raiden-client/pending_transfers/lister.go:117.55,119.3 1 0
github.com/cpurta/go-raiden-client/pending_transfers/lister.go:124.114,131.55 2 1
github.com/cpurta/go-raiden-client/pending_transfers/lister.go:135.2,135.24 1 1
github.com/cpurta/go-raiden-client/pending_transfers/lister.go:131.55,133.3 1 0
github.com/cpurta/go-raiden-client/pending_transfers/lister.go:138.96,145.55 2 1
github.com/cpurta/go-raiden-client/pending_transfers/lister.go:149.2,149.24 1 1
github.com/cpurta/go-raiden-client/pending_transfers/lister.go:145.55,147.3 1 0
github.com/cpurta/go-raiden-client/payments/initiator.go:23.77,30.2 1 1
github.com/cpurta/go-raiden-client/payments/initiator.go:36.142,46.88 2 1
github.com/cpurta/go-raiden-client/payments/initiator.go:50.2,50.82 1 1
github.com/cpurta/go-raiden-client/payments/initiator.go:54.2,56.77 2 1
github.com/cpurta/go-raiden-client/payments/initiator.go:60.2,62.71 2 1
github.com/cpurta/go-raiden-client/payments/initiator.go:66.2,66.21 1 1
github.com/cpurta/go-raiden-client/payments/initiator.go:46.88,48.3 1 0
github.com/cpurta/go-raiden-client/payments/initiator.go:50.82,52.3 1 0
github.com/cpurta/go-raiden-client/payments/initiator.go:56.77,58.3 1 1
github.com/cpurta/go-raiden-client/payments/initiator.go:62.71,64.3 1 1
github.com/cpurta/go-raiden-client/payments/initiator.go:69.112,76.55 2 1
github.com/cpurta/go-raiden-client/payments/initiator.go:80.2,80.24 1 1
github.com/cpurta/go-raiden-client/payments/initiator.go:76.55,78.3 1 0
github.com/cpurta/go-raiden-client/payments/lister.go:20.71,27.2 1 1
github.com/cpurta/go-raiden-client/payments/lister.go:33.118,44.85 2 1
github.com/cpurta/go-raiden-client/payments/lister.go:48.2,48.81 1 1
github.com/cpurta/go-raiden-client/payments/lister.go:52.2,54.74 2 1
github.com/cpurta/go-raiden-client/payments/lister.go:58.2,60.70 2 1
github.com/cpurta/go-raiden-client/payments/lister.go:64.2,64.31 1 1
github.com/cpurta/go-raiden-client/payments/lister.go:82.2,82.27 1 1
github.com/cpurta/go-raiden-client/payments/lister.go:44.85,46.3 1 0
github.com/cpurta/go-raiden-client/payments/lister.go:48.81,50.3 1 0
github.com/cpurta/go-raiden-client/payments/lister.go:54.74,56.3 1 1
github.com/cpurta/go-raiden-client/payments/lister.go:60.70,62.3 1 1
github.com/cpurta/go-raiden-client/payments/lister.go:64.31,68.73 2 1
github.com/cpurta/go-raiden-client/payments/lister.go:72.3,79.5 1 1
github.com/cpurta/go-raiden-client/payments/lister.go:68.73,69.12 1 0
github.com/cpurta/go-raiden-client/payments/lister.go:85.106,92.55 2 1
github.com/cpurta/go-raiden-client/payments/lister.go:96.2,96.24 1 1
github.com/cpurta/go-raiden-client/payments/lister.go:92.55,94.3 1 0
github.com/cpurta/go-raiden-client/payments/client.go:14.72,19.2 1 0
github.com/cpurta/go-raiden-client/connections/client.go:17.72,23.2 1 0
github.com/cpurta/go-raiden-client/connections/joiner.go:29.71,36.2 1 1
github.com/cpurta/go-raiden-client/connections/joiner.go:43.104,56.70 2 1
github.com/cpurta/go-raiden-client/connections/joiner.go:60.2,60.62 1 1
github.com/cpurta/go-raiden-client/connections/joiner.go:64.2,64.116 1 1
github.com/cpurta/go-raiden-client/connections/joiner.go:68.2,70.74 2 1
github.com/cpurta/go-raiden-client/connections/joiner.go:74.2,76.67 2 1
github.com/cpurta/go-raiden-client/connections/joiner.go:80.2,80.49 1 1
github.com/cpurta/go-raiden-client/connections/joiner.go:84.2,84.12 1 1
github.com/cpurta/go-raiden-client/connections/joiner.go:56.70,58.3 1 0
github.com/cpurta/go-raiden-client/connections/joiner.go:60.62,62.3 1 0
github.com/cpurta/go-raiden-client/connections/joiner.go:64.116,66.3 1 0
github.com/cpurta/go-raiden-client/connections/joiner.go:70.74,72.3 1 1
github.com/cpurta/go-raiden-client/connections/joiner.go:76.67,78.3 1 0
github.com/cpurta/go-raiden-client/connections/joiner.go:80.49,82.3 1 1
github.com/cpurta/go-raiden-client/connections/joiner.go:87.91,94.55 2 1
github.com/cpurta/go-raiden-client/connections/joiner.go:98.2,98.24 1 1
github.com/cpurta/go-raiden-client/connections/joiner.go:94.55,96.3 1 0
github.com/cpurta/go-raiden-client/connections/leaver.go:21.71,28.2 1 1
github.com/cpurta/go-raiden-client/connections/leaver.go:35.112,46.70 2 1
github.com/cpurta/go-raiden-client/connections/leaver.go:50.2,50.84 1 1
github.com/cpurta/go-raiden-client/connections/leaver.go:54.2,56.74 2 1
github.com/cpurta/go-raiden-client/connections/leaver.go:60.2,62.70 2 1
github.com/cpurta/go-raiden-client/connections/leaver.go:66.2,66.31 1 1
github.com/cpurta/go-raiden-client/connections/leaver.go:70.2,70.28 1 1
github.com/cpurta/go-raiden-client/connections/leaver.go:46.70,48.3 1 0
github.com/cpurta/go-raiden-client/connections/leaver.go:50.84,52.3 1 0
github.com/cpurta/go-raiden-client/connections/leaver.go:56.74,58.3 1 1
github.com/cpurta/go-raiden-client/connections/leaver.go:62.70,64.3 1 1
github.com/cpurta/go-raiden-client/connections/leaver.go:66.31,68.3 1 1
github.com/cpurta/go-raiden-client/connections/leaver.go:73.91,80.55 2 1
github.com/cpurta/go-raiden-client/connections/leaver.go:84.2,84.24 1 1
github.com/cpurta/go-raiden-client/connections/leaver.go:80.55,82.3 1 0
github.com/cpurta/go-raiden-client/connections/lister.go:25.71,32.2 1 1
github.com/cpurta/go-raiden-client/connections/lister.go:39.77,50.58 2 1
github.com/cpurta/go-raiden-client/connections/lister.go:54.2,54.81 1 1
github.com/cpurta/go-raiden-client/connections/lister.go:58.2,60.74 2 1
github.com/cpurta/go-raiden-client/connections/lister.go:64.2,66.72 2 1
github.com/cpurta/go-raiden-client/connections/lister.go:70.2,70.49 1 1
github.com/cpurta/go-raiden-client/connections/lister.go:74.2,74.25 1 1
github.com/cpurta/go-raiden-client/connections/lister.go:50.58,52.3 1 0
github.com/cpurta/go-raiden-client/connections/lister.go:54.81,56.3 1 0
github.com/cpurta/go-raiden-client/connections/lister.go:60.74,62.3 1 1
github.com/cpurta/go-raiden-client/connections/lister.go:66.72,68.3 1 1
github.com/cpurta/go-raiden-client/connections/lister.go:70.49,72.3 1 1
github.com/cpurta/go-raiden-client/connections/lister.go:77.64,84.55 2 1
github.com/cpurta/go-raiden-client/connections/lister.go:88.2,88.24 1 1
github.com/cpurta/go-raiden-client/connections/lister.go:84.55,86.3 1 0
github.com/cpurta/go-raiden-client/address/client.go:15.72,19.2 1 0
github.com/cpurta/go-raiden-client/address/getter.go:29.71,36.2 1 1
github.com/cpurta/go-raiden-client/address/getter.go:44.79,55.58 2 1
github.com/cpurta/go-raiden-client/address/getter.go:59.2,59.81 1 1
github.com/cpurta/go-raiden-client/address/getter.go:63.2,65.74 2 1
github.com/cpurta/go-raiden-client/address/getter.go:69.2,71.79 2 1
github.com/cpurta/go-raiden-client/address/getter.go:75.2,77.21 2 1
github.com/cpurta/go-raiden-client/address/getter.go:55.58,57.3 1 0
github.com/cpurta/go-raiden-client/address/getter.go:59.81,61.3 1 0
github.com/cpurta/go-raiden-client/address/getter.go:65.74,67.3 1 1
github.com/cpurta/go-raiden-client/address/getter.go:71.79,73.3 1 1
github.com/cpurta/go-raiden-client/address/getter.go:80.64,87.55 2 1
github.com/cpurta/go-raiden-client/address/getter.go:91.2,91.24 1 1
github.com/cpurta/go-raiden-client/address/getter.go:87.55,89.3 1 0
github.com/cpurta/go-raiden-client/tokens/registrar.go:29.77,36.2 1 1
github.com/cpurta/go-raiden-client/tokens/registrar.go:44.116,55.70 2 1
github.com/cpurta/go-raiden-client/tokens/registrar.go:59.2,59.81 1 1
github.com/cpurta/go-raiden-client/tokens/registrar.go:63.2,65.74 2 1
github.com/cpurta/go-raiden-client/tokens/registrar.go:69.2,71.80 2 1
github.com/cpurta/go-raiden-client/tokens/registrar.go:75.2,77.28 2 1
github.com/cpurta/go-raiden-client/tokens/registrar.go:55.70,57.3 1 0
github.com/cpurta/go-raiden-client/tokens/registrar.go:59.81,61.3 1 0
github.com/cpurta/go-raiden-client/tokens/registrar.go:65.74,67.3 1 1
github.com/cpurta/go-raiden-client/tokens/registrar.go:71.80,73.3 1 1
github.com/cpurta/go-raiden-client/tokens/registrar.go:80.89,87.55 2 1
github.com/cpurta/go-raiden-client/tokens/registrar.go:91.2,91.24 1 1
github.com/cpurta/go-raiden-client/tokens/registrar.go:87.55,89.3 1 0
github.com/cpurta/go-raiden-client/tokens/client.go:16.72,23.2 1 0
github.com/cpurta/go-raiden-client/tokens/getter.go:25.71,32.2 1 1
github.com/cpurta/go-raiden-client/tokens/getter.go:40.108,51.70 2 1
github.com/cpurta/go-raiden-client/tokens/getter.go:55.2,55.81 1 1
github.com/cpurta/go-raiden-client/tokens/getter.go:59.2,61.74 2 1
github.com/cpurta/go-raiden-client/tokens/getter.go:65.2,67.71 2 1
github.com/cpurta/go-raiden-client/tokens/getter.go:71.2,73.28 2 1
github.com/cpurta/go-raiden-client/tokens/getter.go:51.70,53.3 1 0
github.com/cpurta/go-raiden-client/tokens/getter.go:55.81,57.3 1 0
github.com/cpurta/go-raiden-client/tokens/getter.go:61.74,63.3 1 1
github.com/cpurta/go-raiden-client/tokens/getter.go:67.71,69.3 1 1
github.com/cpurta/go-raiden-client/tokens/getter.go:76.86,83.55 2 1
github.com/cpurta/go-raiden-client/tokens/getter.go:87.2,87.24 1 1
github.com/cpurta/go-raiden-client/tokens/getter.go:83.55,85.3 1 0
github.com/cpurta/go-raiden-client/tokens/lister.go:25.71,32.2 1 1
github.com/cpurta/go-raiden-client/tokens/lister.go:40.82,50.58 2 1
github.com/cpurta/go-raiden-client/tokens/lister.go:54.2,54.81 1 1
github.com/cpurta/go-raiden-client/tokens/lister.go:58.2,60.74 2 1
github.com/cpurta/go-raiden-client/tokens/lister.go:64.2,66.73 2 1
github.com/cpurta/go-raiden-client/tokens/lister.go:70.2,70.23 1 1
github.com/cpurta/go-raiden-client/tokens/lister.go:50.58,52.3 1 0
github.com/cpurta/go-raiden-client/tokens/lister.go:54.81,56.3 1 0
github.com/cpurta/go-raiden-client/tokens/lister.go:60.74,62.3 1 1
github.com/cpurta/go-raiden-client/tokens/lister.go:66.73,68.3 1 1
github.com/cpurta/go-raiden-client/tokens/lister.go:73.64,80.55 2 1
github.com/cpurta/go-raiden-client/tokens/lister.go:84.2,84.24 1 1
github.com/cpurta/go-raiden-client/tokens/lister.go:80.55,82.3 1 0
github.com/cpurta/go-raiden-client/tokens/partner_lister.go:25.85,32.2 1 1
github.com/cpurta/go-raiden-client/tokens/partner_lister.go:40.120,50.70 2 1
github.com/cpurta/go-raiden-client/tokens/partner_lister.go:54.2,54.81 1 1
github.com/cpurta/go-raiden-client/tokens/partner_lister.go:58.2,60.74 2 1
github.com/cpurta/go-raiden-client/tokens/partner_lister.go:64.2,66.72 2 1
github.com/cpurta/go-raiden-client/tokens/partner_lister.go:70.2,70.22 1 1
github.com/cpurta/go-raiden-client/tokens/partner_lister.go:50.70,52.3 1 0
github.com/cpurta/go-raiden-client/tokens/partner_lister.go:54.81,56.3 1 0
github.com/cpurta/go-raiden-client/tokens/partner_lister.go:60.74,62.3 1 1
github.com/cpurta/go-raiden-client/tokens/partner_lister.go:66.72,68.3 1 1
github.com/cpurta/go-raiden-client/tokens/partner_lister.go:73.98,80.55 2 1
github.com/cpurta/go-raiden-client/tokens/partner_lister.go:84.2,84.24 1 1
github.com/cpurta/go-raiden-client/tokens/partner_lister.go:80.55,82.3 1 0
